# JRE version: OpenJDK Runtime Environment Temurin-17.0.15+6 (17.0.15+6) (build 17.0.15+6)
# Java VM: OpenJDK 64-Bit Server VM Temurin-17.0.15+6 (17.0.15+6, mixed mode, sharing, tiered, compressed oops, compressed class ptrs, g1 gc, windows-amd64)
GC Precious Log:
 CPUs: 12 total, 12 available
 Memory: 16024M
 Large Page Support: Disabled
 NUMA Support: Disabled
 Compressed Oops: Enabled (32-bit)
 Heap Region Size: 1M
 Heap Min Capacity: 8M
 Heap Initial Capacity: 252M
 Heap Max Capacity: 2G
 Pre-touch: Disabled
 Parallel Workers: 10
 Concurrent Workers: 3
 Concurrent Refinement Workers: 10
 Periodic GC: Disabled
Heap:
 garbage-first heap   total 146432K, used 66841K [0x0000000080000000, 0x0000000100000000)
  region size 1024K, 2 young (2048K), 2 survivors (2048K)
 Metaspace       used 77825K, committed 78464K, reserved 1179648K
  class space    used 10560K, committed 10880K, reserved 1048576K
GC Heap History (20 events):
Event: 11.335 GC heap after
{Heap after GC invocations=18 (full 0):
 garbage-first heap   total 103424K, used 52097K [0x0000000080000000, 0x0000000100000000)
  region size 1024K, 2 young (2048K), 2 survivors (2048K)
 Metaspace       used 62713K, committed 63360K, reserved 1114112K
  class space    used 8906K, committed 9216K, reserved 1048576K
}
Event: 11.438 GC heap before
{Heap before GC invocations=18 (full 0):
 garbage-first heap   total 103424K, used 58241K [0x0000000080000000, 0x0000000100000000)
  region size 1024K, 9 young (9216K), 2 survivors (2048K)
 Metaspace       used 63352K, committed 64000K, reserved 1114112K
  class space    used 8976K, committed 9280K, reserved 1048576K
}
Event: 11.440 GC heap after
{Heap after GC invocations=19 (full 0):
 garbage-first heap   total 103424K, used 52434K [0x0000000080000000, 0x0000000100000000)
  region size 1024K, 2 young (2048K), 2 survivors (2048K)
 Metaspace       used 63352K, committed 64000K, reserved 1114112K
  class space    used 8976K, committed 9280K, reserved 1048576K
}
Event: 11.827 GC heap before
{Heap before GC invocations=20 (full 0):
 garbage-first heap   total 103424K, used 84178K [0x0000000080000000, 0x0000000100000000)
  region size 1024K, 26 young (26624K), 2 survivors (2048K)
 Metaspace       used 65679K, committed 66368K, reserved 1114112K
  class space    used 9225K, committed 9536K, reserved 1048576K
}
Event: 11.830 GC heap after
{Heap after GC invocations=21 (full 0):
 garbage-first heap   total 103424K, used 61468K [0x0000000080000000, 0x0000000100000000)
  region size 1024K, 4 young (4096K), 4 survivors (4096K)
 Metaspace       used 65679K, committed 66368K, reserved 1114112K
  class space    used 9225K, committed 9536K, reserved 1048576K
}
Event: 11.852 GC heap before
{Heap before GC invocations=21 (full 0):
 garbage-first heap   total 103424K, used 62492K [0x0000000080000000, 0x0000000100000000)
  region size 1024K, 5 young (5120K), 4 survivors (4096K)
 Metaspace       used 65802K, committed 66496K, reserved 1114112K
  class space    used 9232K, committed 9536K, reserved 1048576K
}
Event: 11.855 GC heap after
{Heap after GC invocations=22 (full 0):
 garbage-first heap   total 103424K, used 61339K [0x0000000080000000, 0x0000000100000000)
  region size 1024K, 1 young (1024K), 1 survivors (1024K)
 Metaspace       used 65802K, committed 66496K, reserved 1114112K
  class space    used 9232K, committed 9536K, reserved 1048576K
}
Event: 12.115 GC heap before
{Heap before GC invocations=22 (full 0):
 garbage-first heap   total 103424K, used 79771K [0x0000000080000000, 0x0000000100000000)
  region size 1024K, 20 young (20480K), 1 survivors (1024K)
 Metaspace       used 68267K, committed 68928K, reserved 1114112K
  class space    used 9407K, committed 9728K, reserved 1048576K
}
Event: 12.117 GC heap after
{Heap after GC invocations=23 (full 0):
 garbage-first heap   total 103424K, used 62225K [0x0000000080000000, 0x0000000100000000)
  region size 1024K, 2 young (2048K), 2 survivors (2048K)
 Metaspace       used 68267K, committed 68928K, reserved 1114112K
  class space    used 9407K, committed 9728K, reserved 1048576K
}
Event: 12.465 GC heap before
{Heap before GC invocations=24 (full 0):
 garbage-first heap   total 109568K, used 81681K [0x0000000080000000, 0x0000000100000000)
  region size 1024K, 21 young (21504K), 2 survivors (2048K)
 Metaspace       used 70432K, committed 71104K, reserved 1114112K
  class space    used 9638K, committed 9984K, reserved 1048576K
}
Event: 12.467 GC heap after
{Heap after GC invocations=25 (full 0):
 garbage-first heap   total 109568K, used 63246K [0x0000000080000000, 0x0000000100000000)
  region size 1024K, 3 young (3072K), 3 survivors (3072K)
 Metaspace       used 70432K, committed 71104K, reserved 1114112K
  class space    used 9638K, committed 9984K, reserved 1048576K
}
Event: 12.514 GC heap before
{Heap before GC invocations=25 (full 0):
 garbage-first heap   total 109568K, used 64270K [0x0000000080000000, 0x0000000100000000)
  region size 1024K, 5 young (5120K), 3 survivors (3072K)
 Metaspace       used 70785K, committed 71424K, reserved 1114112K
  class space    used 9676K, committed 9984K, reserved 1048576K
}
Event: 12.517 GC heap after
{Heap after GC invocations=26 (full 0):
 garbage-first heap   total 109568K, used 63045K [0x0000000080000000, 0x0000000100000000)
  region size 1024K, 1 young (1024K), 1 survivors (1024K)
 Metaspace       used 70785K, committed 71424K, reserved 1114112K
  class space    used 9676K, committed 9984K, reserved 1048576K
}
Event: 13.004 GC heap before
{Heap before GC invocations=26 (full 0):
 garbage-first heap   total 109568K, used 86597K [0x0000000080000000, 0x0000000100000000)
  region size 1024K, 25 young (25600K), 1 survivors (1024K)
 Metaspace       used 73634K, committed 74368K, reserved 1114112K
  class space    used 10031K, committed 10368K, reserved 1048576K
}
Event: 13.007 GC heap after
{Heap after GC invocations=27 (full 0):
 garbage-first heap   total 109568K, used 64512K [0x0000000080000000, 0x0000000100000000)
  region size 1024K, 2 young (2048K), 2 survivors (2048K)
 Metaspace       used 73634K, committed 74368K, reserved 1114112K
  class space    used 10031K, committed 10368K, reserved 1048576K
}
Event: 13.489 GC heap before
{Heap before GC invocations=28 (full 0):
 garbage-first heap   total 114688K, used 87040K [0x0000000080000000, 0x0000000100000000)
  region size 1024K, 25 young (25600K), 2 survivors (2048K)
 Metaspace       used 77074K, committed 77696K, reserved 1179648K
  class space    used 10499K, committed 10816K, reserved 1048576K
}
Event: 13.492 GC heap after
{Heap after GC invocations=29 (full 0):
 garbage-first heap   total 114688K, used 65942K [0x0000000080000000, 0x0000000100000000)
  region size 1024K, 4 young (4096K), 4 survivors (4096K)
 Metaspace       used 77074K, committed 77696K, reserved 1179648K
  class space    used 10499K, committed 10816K, reserved 1048576K
}
Event: 13.516 GC heap before
{Heap before GC invocations=29 (full 0):
 garbage-first heap   total 114688K, used 66966K [0x0000000080000000, 0x0000000100000000)
  region size 1024K, 5 young (5120K), 4 survivors (4096K)
 Metaspace       used 77211K, committed 77824K, reserved 1179648K
  class space    used 10512K, committed 10816K, reserved 1048576K
}
Event: 13.520 GC heap after
{Heap after GC invocations=30 (full 0):
 garbage-first heap   total 114688K, used 66072K [0x0000000080000000, 0x0000000100000000)
  region size 1024K, 1 young (1024K), 1 survivors (1024K)
 Metaspace       used 77211K, committed 77824K, reserved 1179648K
  class space    used 10512K, committed 10816K, reserved 1048576K
}
Event: 13.730 GC heap before
{Heap before GC invocations=30 (full 0):
 garbage-first heap   total 114688K, used 93720K [0x0000000080000000, 0x0000000100000000)
  region size 1024K, 27 young (27648K), 1 survivors (1024K)
 Metaspace       used 77825K, committed 78464K, reserved 1179648K
  class space    used 10560K, committed 10880K, reserved 1048576K
}

