# JRE version: OpenJDK Runtime Environment Temurin-21.0.7+6 (21.0.7+6) (build 21.0.7+6-LTS)
# Java VM: OpenJDK 64-Bit Server VM Temurin-21.0.7+6 (21.0.7+6-LTS, mixed mode, sharing, tiered, compressed oops, compressed class ptrs, parallel gc, windows-amd64)
GC Precious Log:
 CardTable entry size: 512
 CPUs: 12 total, 12 available
 Memory: 16024M
 Large Page Support: Disabled
 NUMA Support: Disabled
 Compressed Oops: Enabled (32-bit)
 Alignments: Space 512K, Generation 512K, Heap 2M
 Heap Min Capacity: 100M
 Heap Initial Capacity: 100M
 Heap Max Capacity: 2G
 Pre-touch: Disabled
 Parallel Workers: 10
Heap:
 PSYoungGen      total 23040K, used 6921K [0x00000000d5580000, 0x00000000d7180000, 0x0000000100000000)
  eden space 19456K, 19% used [0x00000000d5580000,0x00000000d5921d70,0x00000000d6880000)
  from space 3584K, 98% used [0x00000000d6e00000,0x00000000d7173020,0x00000000d7180000)
  to   space 4096K, 0% used [0x00000000d6980000,0x00000000d6980000,0x00000000d6d80000)
 ParOldGen       total 143360K, used 132906K [0x0000000080000000, 0x0000000088c00000, 0x00000000d5580000)
  object space 143360K, 92% used [0x0000000080000000,0x00000000881caa20,0x0000000088c00000)
 Metaspace       used 54497K, committed 55744K, reserved 1114112K
  class space    used 6027K, committed 6592K, reserved 1048576K
GC Heap History (20 events):
Event: 10.313 GC heap after
{Heap after GC invocations=43 (full 2):
 PSYoungGen      total 13312K, used 2129K [0x00000000d5580000, 0x00000000d6700000, 0x0000000100000000)
  eden space 10752K, 0% used [0x00000000d5580000,0x00000000d5580000,0x00000000d6000000)
  from space 2560K, 83% used [0x00000000d6180000,0x00000000d6394578,0x00000000d6400000)
  to   space 3072K, 0% used [0x00000000d6400000,0x00000000d6400000,0x00000000d6700000)
 ParOldGen       total 95744K, used 95643K [0x0000000080000000, 0x0000000085d80000, 0x00000000d5580000)
  object space 95744K, 99% used [0x0000000080000000,0x0000000085d66ff0,0x0000000085d80000)
 Metaspace       used 52556K, committed 53824K, reserved 1114112K
  class space    used 5712K, committed 6272K, reserved 1048576K
}
Event: 10.354 GC heap before
{Heap before GC invocations=44 (full 2):
 PSYoungGen      total 13312K, used 12881K [0x00000000d5580000, 0x00000000d6700000, 0x0000000100000000)
  eden space 10752K, 100% used [0x00000000d5580000,0x00000000d6000000,0x00000000d6000000)
  from space 2560K, 83% used [0x00000000d6180000,0x00000000d6394578,0x00000000d6400000)
  to   space 3072K, 0% used [0x00000000d6400000,0x00000000d6400000,0x00000000d6700000)
 ParOldGen       total 95744K, used 95643K [0x0000000080000000, 0x0000000085d80000, 0x00000000d5580000)
  object space 95744K, 99% used [0x0000000080000000,0x0000000085d66ff0,0x0000000085d80000)
 Metaspace       used 52909K, committed 54208K, reserved 1114112K
  class space    used 5766K, committed 6336K, reserved 1048576K
}
Event: 10.357 GC heap after
{Heap after GC invocations=44 (full 2):
 PSYoungGen      total 12800K, used 1920K [0x00000000d5580000, 0x00000000d6600000, 0x0000000100000000)
  eden space 10752K, 0% used [0x00000000d5580000,0x00000000d5580000,0x00000000d6000000)
  from space 2048K, 93% used [0x00000000d6400000,0x00000000d65e0398,0x00000000d6600000)
  to   space 2560K, 0% used [0x00000000d6100000,0x00000000d6100000,0x00000000d6380000)
 ParOldGen       total 97792K, used 97532K [0x0000000080000000, 0x0000000085f80000, 0x00000000d5580000)
  object space 97792K, 99% used [0x0000000080000000,0x0000000085f3f218,0x0000000085f80000)
 Metaspace       used 52909K, committed 54208K, reserved 1114112K
  class space    used 5766K, committed 6336K, reserved 1048576K
}
Event: 10.396 GC heap before
{Heap before GC invocations=45 (full 2):
 PSYoungGen      total 12800K, used 12672K [0x00000000d5580000, 0x00000000d6600000, 0x0000000100000000)
  eden space 10752K, 100% used [0x00000000d5580000,0x00000000d6000000,0x00000000d6000000)
  from space 2048K, 93% used [0x00000000d6400000,0x00000000d65e0398,0x00000000d6600000)
  to   space 2560K, 0% used [0x00000000d6100000,0x00000000d6100000,0x00000000d6380000)
 ParOldGen       total 97792K, used 97532K [0x0000000080000000, 0x0000000085f80000, 0x00000000d5580000)
  object space 97792K, 99% used [0x0000000080000000,0x0000000085f3f218,0x0000000085f80000)
 Metaspace       used 53100K, committed 54336K, reserved 1114112K
  class space    used 5789K, committed 6336K, reserved 1048576K
}
Event: 10.411 GC heap after
{Heap after GC invocations=45 (full 2):
 PSYoungGen      total 13312K, used 2199K [0x00000000d5580000, 0x00000000d6500000, 0x0000000100000000)
  eden space 10752K, 0% used [0x00000000d5580000,0x00000000d5580000,0x00000000d6000000)
  from space 2560K, 85% used [0x00000000d6100000,0x00000000d6325d58,0x00000000d6380000)
  to   space 1536K, 0% used [0x00000000d6380000,0x00000000d6380000,0x00000000d6500000)
 ParOldGen       total 99328K, used 99279K [0x0000000080000000, 0x0000000086100000, 0x00000000d5580000)
  object space 99328K, 99% used [0x0000000080000000,0x00000000860f3c88,0x0000000086100000)
 Metaspace       used 53100K, committed 54336K, reserved 1114112K
  class space    used 5789K, committed 6336K, reserved 1048576K
}
Event: 10.480 GC heap before
{Heap before GC invocations=46 (full 2):
 PSYoungGen      total 13312K, used 12951K [0x00000000d5580000, 0x00000000d6500000, 0x0000000100000000)
  eden space 10752K, 100% used [0x00000000d5580000,0x00000000d6000000,0x00000000d6000000)
  from space 2560K, 85% used [0x00000000d6100000,0x00000000d6325d58,0x00000000d6380000)
  to   space 1536K, 0% used [0x00000000d6380000,0x00000000d6380000,0x00000000d6500000)
 ParOldGen       total 99328K, used 99279K [0x0000000080000000, 0x0000000086100000, 0x00000000d5580000)
  object space 99328K, 99% used [0x0000000080000000,0x00000000860f3c88,0x0000000086100000)
 Metaspace       used 53119K, committed 54400K, reserved 1114112K
  class space    used 5791K, committed 6336K, reserved 1048576K
}
Event: 11.537 GC heap after
{Heap after GC invocations=46 (full 2):
 PSYoungGen      total 10752K, used 1526K [0x00000000d5580000, 0x00000000d6a00000, 0x0000000100000000)
  eden space 9216K, 0% used [0x00000000d5580000,0x00000000d5580000,0x00000000d5e80000)
  from space 1536K, 99% used [0x00000000d6380000,0x00000000d64fda80,0x00000000d6500000)
  to   space 5120K, 0% used [0x00000000d5e80000,0x00000000d5e80000,0x00000000d6380000)
 ParOldGen       total 102400K, used 102299K [0x0000000080000000, 0x0000000086400000, 0x00000000d5580000)
  object space 102400K, 99% used [0x0000000080000000,0x00000000863e6d60,0x0000000086400000)
 Metaspace       used 53119K, committed 54400K, reserved 1114112K
  class space    used 5791K, committed 6336K, reserved 1048576K
}
Event: 11.589 GC heap before
{Heap before GC invocations=47 (full 2):
 PSYoungGen      total 10752K, used 10742K [0x00000000d5580000, 0x00000000d6a00000, 0x0000000100000000)
  eden space 9216K, 100% used [0x00000000d5580000,0x00000000d5e80000,0x00000000d5e80000)
  from space 1536K, 99% used [0x00000000d6380000,0x00000000d64fda80,0x00000000d6500000)
  to   space 5120K, 0% used [0x00000000d5e80000,0x00000000d5e80000,0x00000000d6380000)
 ParOldGen       total 102400K, used 102299K [0x0000000080000000, 0x0000000086400000, 0x00000000d5580000)
  object space 102400K, 99% used [0x0000000080000000,0x00000000863e6d60,0x0000000086400000)
 Metaspace       used 53185K, committed 54400K, reserved 1114112K
  class space    used 5806K, committed 6336K, reserved 1048576K
}
Event: 11.603 GC heap after
{Heap after GC invocations=47 (full 2):
 PSYoungGen      total 11776K, used 2218K [0x00000000d5580000, 0x00000000d6480000, 0x0000000100000000)
  eden space 9216K, 0% used [0x00000000d5580000,0x00000000d5580000,0x00000000d5e80000)
  from space 2560K, 86% used [0x00000000d5e80000,0x00000000d60aa9d0,0x00000000d6100000)
  to   space 3072K, 0% used [0x00000000d6180000,0x00000000d6180000,0x00000000d6480000)
 ParOldGen       total 103936K, used 103773K [0x0000000080000000, 0x0000000086580000, 0x00000000d5580000)
  object space 103936K, 99% used [0x0000000080000000,0x0000000086557720,0x0000000086580000)
 Metaspace       used 53185K, committed 54400K, reserved 1114112K
  class space    used 5806K, committed 6336K, reserved 1048576K
}
Event: 11.650 GC heap before
{Heap before GC invocations=48 (full 2):
 PSYoungGen      total 11776K, used 11434K [0x00000000d5580000, 0x00000000d6480000, 0x0000000100000000)
  eden space 9216K, 100% used [0x00000000d5580000,0x00000000d5e80000,0x00000000d5e80000)
  from space 2560K, 86% used [0x00000000d5e80000,0x00000000d60aa9d0,0x00000000d6100000)
  to   space 3072K, 0% used [0x00000000d6180000,0x00000000d6180000,0x00000000d6480000)
 ParOldGen       total 103936K, used 103773K [0x0000000080000000, 0x0000000086580000, 0x00000000d5580000)
  object space 103936K, 99% used [0x0000000080000000,0x0000000086557720,0x0000000086580000)
 Metaspace       used 53272K, committed 54528K, reserved 1114112K
  class space    used 5823K, committed 6400K, reserved 1048576K
}
Event: 11.667 GC heap after
{Heap after GC invocations=48 (full 2):
 PSYoungGen      total 11776K, used 2294K [0x00000000d5580000, 0x00000000d6400000, 0x0000000100000000)
  eden space 9216K, 0% used [0x00000000d5580000,0x00000000d5580000,0x00000000d5e80000)
  from space 2560K, 89% used [0x00000000d6180000,0x00000000d63bda48,0x00000000d6400000)
  to   space 2560K, 0% used [0x00000000d5e80000,0x00000000d5e80000,0x00000000d6100000)
 ParOldGen       total 105984K, used 105713K [0x0000000080000000, 0x0000000086780000, 0x00000000d5580000)
  object space 105984K, 99% used [0x0000000080000000,0x000000008673c6f8,0x0000000086780000)
 Metaspace       used 53272K, committed 54528K, reserved 1114112K
  class space    used 5823K, committed 6400K, reserved 1048576K
}
Event: 11.715 GC heap before
{Heap before GC invocations=49 (full 2):
 PSYoungGen      total 11776K, used 11510K [0x00000000d5580000, 0x00000000d6400000, 0x0000000100000000)
  eden space 9216K, 100% used [0x00000000d5580000,0x00000000d5e80000,0x00000000d5e80000)
  from space 2560K, 89% used [0x00000000d6180000,0x00000000d63bda48,0x00000000d6400000)
  to   space 2560K, 0% used [0x00000000d5e80000,0x00000000d5e80000,0x00000000d6100000)
 ParOldGen       total 105984K, used 105713K [0x0000000080000000, 0x0000000086780000, 0x00000000d5580000)
  object space 105984K, 99% used [0x0000000080000000,0x000000008673c6f8,0x0000000086780000)
 Metaspace       used 53323K, committed 54592K, reserved 1114112K
  class space    used 5834K, committed 6400K, reserved 1048576K
}
Event: 11.728 GC heap after
{Heap after GC invocations=49 (full 2):
 PSYoungGen      total 11776K, used 2274K [0x00000000d5580000, 0x00000000d6380000, 0x0000000100000000)
  eden space 9216K, 0% used [0x00000000d5580000,0x00000000d5580000,0x00000000d5e80000)
  from space 2560K, 88% used [0x00000000d5e80000,0x00000000d60b8b40,0x00000000d6100000)
  to   space 2560K, 0% used [0x00000000d6100000,0x00000000d6100000,0x00000000d6380000)
 ParOldGen       total 108032K, used 107789K [0x0000000080000000, 0x0000000086980000, 0x00000000d5580000)
  object space 108032K, 99% used [0x0000000080000000,0x00000000869435a8,0x0000000086980000)
 Metaspace       used 53323K, committed 54592K, reserved 1114112K
  class space    used 5834K, committed 6400K, reserved 1048576K
}
Event: 11.776 GC heap before
{Heap before GC invocations=50 (full 2):
 PSYoungGen      total 11776K, used 11490K [0x00000000d5580000, 0x00000000d6380000, 0x0000000100000000)
  eden space 9216K, 100% used [0x00000000d5580000,0x00000000d5e80000,0x00000000d5e80000)
  from space 2560K, 88% used [0x00000000d5e80000,0x00000000d60b8b40,0x00000000d6100000)
  to   space 2560K, 0% used [0x00000000d6100000,0x00000000d6100000,0x00000000d6380000)
 ParOldGen       total 108032K, used 107789K [0x0000000080000000, 0x0000000086980000, 0x00000000d5580000)
  object space 108032K, 99% used [0x0000000080000000,0x00000000869435a8,0x0000000086980000)
 Metaspace       used 53415K, committed 54656K, reserved 1114112K
  class space    used 5846K, committed 6400K, reserved 1048576K
}
Event: 11.790 GC heap after
{Heap after GC invocations=50 (full 2):
 PSYoungGen      total 11776K, used 2094K [0x00000000d5580000, 0x00000000d6380000, 0x0000000100000000)
  eden space 9216K, 0% used [0x00000000d5580000,0x00000000d5580000,0x00000000d5e80000)
  from space 2560K, 81% used [0x00000000d6100000,0x00000000d630ba38,0x00000000d6380000)
  to   space 2560K, 0% used [0x00000000d5e80000,0x00000000d5e80000,0x00000000d6100000)
 ParOldGen       total 110080K, used 109941K [0x0000000080000000, 0x0000000086b80000, 0x00000000d5580000)
  object space 110080K, 99% used [0x0000000080000000,0x0000000086b5d4b8,0x0000000086b80000)
 Metaspace       used 53415K, committed 54656K, reserved 1114112K
  class space    used 5846K, committed 6400K, reserved 1048576K
}
Event: 11.844 GC heap before
{Heap before GC invocations=51 (full 2):
 PSYoungGen      total 11776K, used 11310K [0x00000000d5580000, 0x00000000d6380000, 0x0000000100000000)
  eden space 9216K, 100% used [0x00000000d5580000,0x00000000d5e80000,0x00000000d5e80000)
  from space 2560K, 81% used [0x00000000d6100000,0x00000000d630ba38,0x00000000d6380000)
  to   space 2560K, 0% used [0x00000000d5e80000,0x00000000d5e80000,0x00000000d6100000)
 ParOldGen       total 110080K, used 109941K [0x0000000080000000, 0x0000000086b80000, 0x00000000d5580000)
  object space 110080K, 99% used [0x0000000080000000,0x0000000086b5d4b8,0x0000000086b80000)
 Metaspace       used 53513K, committed 54720K, reserved 1114112K
  class space    used 5867K, committed 6400K, reserved 1048576K
}
Event: 11.877 GC heap after
{Heap after GC invocations=51 (full 2):
 PSYoungGen      total 11776K, used 2164K [0x00000000d5580000, 0x00000000d6580000, 0x0000000100000000)
  eden space 9216K, 0% used [0x00000000d5580000,0x00000000d5580000,0x00000000d5e80000)
  from space 2560K, 84% used [0x00000000d5e80000,0x00000000d609d2c8,0x00000000d6100000)
  to   space 2560K, 0% used [0x00000000d6300000,0x00000000d6300000,0x00000000d6580000)
 ParOldGen       total 112128K, used 111895K [0x0000000080000000, 0x0000000086d80000, 0x00000000d5580000)
  object space 112128K, 99% used [0x0000000080000000,0x0000000086d45f18,0x0000000086d80000)
 Metaspace       used 53513K, committed 54720K, reserved 1114112K
  class space    used 5867K, committed 6400K, reserved 1048576K
}
Event: 11.921 GC heap before
{Heap before GC invocations=52 (full 2):
 PSYoungGen      total 11776K, used 11380K [0x00000000d5580000, 0x00000000d6580000, 0x0000000100000000)
  eden space 9216K, 100% used [0x00000000d5580000,0x00000000d5e80000,0x00000000d5e80000)
  from space 2560K, 84% used [0x00000000d5e80000,0x00000000d609d2c8,0x00000000d6100000)
  to   space 2560K, 0% used [0x00000000d6300000,0x00000000d6300000,0x00000000d6580000)
 ParOldGen       total 112128K, used 111895K [0x0000000080000000, 0x0000000086d80000, 0x00000000d5580000)
  object space 112128K, 99% used [0x0000000080000000,0x0000000086d45f18,0x0000000086d80000)
 Metaspace       used 53648K, committed 54912K, reserved 1114112K
  class space    used 5890K, committed 6464K, reserved 1048576K
}
Event: 12.954 GC heap after
{Heap after GC invocations=52 (full 2):
 PSYoungGen      total 13824K, used 2091K [0x00000000d5580000, 0x00000000d6580000, 0x0000000100000000)
  eden space 11264K, 0% used [0x00000000d5580000,0x00000000d5580000,0x00000000d6080000)
  from space 2560K, 81% used [0x00000000d6300000,0x00000000d650af98,0x00000000d6580000)
  to   space 2560K, 0% used [0x00000000d6080000,0x00000000d6080000,0x00000000d6300000)
 ParOldGen       total 114176K, used 113867K [0x0000000080000000, 0x0000000086f80000, 0x00000000d5580000)
  object space 114176K, 99% used [0x0000000080000000,0x0000000086f32f60,0x0000000086f80000)
 Metaspace       used 53648K, committed 54912K, reserved 1114112K
  class space    used 5890K, committed 6464K, reserved 1048576K
}
Event: 13.030 GC heap before
{Heap before GC invocations=53 (full 2):
 PSYoungGen      total 13824K, used 13355K [0x00000000d5580000, 0x00000000d6580000, 0x0000000100000000)
  eden space 11264K, 100% used [0x00000000d5580000,0x00000000d6080000,0x00000000d6080000)
  from space 2560K, 81% used [0x00000000d6300000,0x00000000d650af98,0x00000000d6580000)
  to   space 2560K, 0% used [0x00000000d6080000,0x00000000d6080000,0x00000000d6300000)
 ParOldGen       total 114176K, used 113867K [0x0000000080000000, 0x0000000086f80000, 0x00000000d5580000)
  object space 114176K, 99% used [0x0000000080000000,0x0000000086f32f60,0x0000000086f80000)
 Metaspace       used 53687K, committed 54912K, reserved 1114112K
  class space    used 5901K, committed 6464K, reserved 1048576K
}

