# JRE version: OpenJDK Runtime Environment Temurin-17.0.15+6 (17.0.15+6) (build 17.0.15+6)
# Java VM: OpenJDK 64-Bit Server VM Temurin-17.0.15+6 (17.0.15+6, mixed mode, sharing, tiered, compressed oops, compressed class ptrs, g1 gc, windows-amd64)
GC Precious Log:
 CPUs: 12 total, 12 available
 Memory: 16024M
 Large Page Support: Disabled
 NUMA Support: Disabled
 Compressed Oops: Enabled (32-bit)
 Heap Region Size: 1M
 Heap Min Capacity: 8M
 Heap Initial Capacity: 252M
 Heap Max Capacity: 2G
 Pre-touch: Disabled
 Parallel Workers: 10
 Concurrent Workers: 3
 Concurrent Refinement Workers: 10
 Periodic GC: Disabled
Heap:
 garbage-first heap   total 161792K, used 96351K [0x0000000080000000, 0x0000000100000000)
  region size 1024K, 16 young (16384K), 1 survivors (1024K)
 Metaspace       used 102596K, committed 103360K, reserved 1179648K
  class space    used 13211K, committed 13568K, reserved 1048576K
GC Heap History (20 events):
Event: 20.645 GC heap before
{Heap before GC invocations=29 (full 0):
 garbage-first heap   total 112640K, used 81532K [0x0000000080000000, 0x0000000100000000)
  region size 1024K, 19 young (19456K), 2 survivors (2048K)
 Metaspace       used 68703K, committed 69312K, reserved 1114112K
  class space    used 9291K, committed 9600K, reserved 1048576K
}
Event: 20.653 GC heap after
{Heap after GC invocations=30 (full 0):
 garbage-first heap   total 112640K, used 66400K [0x0000000080000000, 0x0000000100000000)
  region size 1024K, 3 young (3072K), 3 survivors (3072K)
 Metaspace       used 68703K, committed 69312K, reserved 1114112K
  class space    used 9291K, committed 9600K, reserved 1048576K
}
Event: 20.725 GC heap before
{Heap before GC invocations=30 (full 0):
 garbage-first heap   total 112640K, used 68448K [0x0000000080000000, 0x0000000100000000)
  region size 1024K, 5 young (5120K), 3 survivors (3072K)
 Metaspace       used 68988K, committed 69632K, reserved 1114112K
  class space    used 9325K, committed 9664K, reserved 1048576K
}
Event: 20.733 GC heap after
{Heap after GC invocations=31 (full 0):
 garbage-first heap   total 112640K, used 65639K [0x0000000080000000, 0x0000000100000000)
  region size 1024K, 1 young (1024K), 1 survivors (1024K)
 Metaspace       used 68988K, committed 69632K, reserved 1114112K
  class space    used 9325K, committed 9664K, reserved 1048576K
}
Event: 22.776 GC heap before
{Heap before GC invocations=31 (full 0):
 garbage-first heap   total 112640K, used 90215K [0x0000000080000000, 0x0000000100000000)
  region size 1024K, 26 young (26624K), 1 survivors (1024K)
 Metaspace       used 71989K, committed 72576K, reserved 1114112K
  class space    used 9686K, committed 9984K, reserved 1048576K
}
Event: 22.784 GC heap after
{Heap after GC invocations=32 (full 0):
 garbage-first heap   total 161792K, used 66255K [0x0000000080000000, 0x0000000100000000)
  region size 1024K, 1 young (1024K), 1 survivors (1024K)
 Metaspace       used 71989K, committed 72576K, reserved 1114112K
  class space    used 9686K, committed 9984K, reserved 1048576K
}
Event: 26.344 GC heap before
{Heap before GC invocations=33 (full 0):
 garbage-first heap   total 161792K, used 125647K [0x0000000080000000, 0x0000000100000000)
  region size 1024K, 58 young (59392K), 1 survivors (1024K)
 Metaspace       used 77228K, committed 77888K, reserved 1179648K
  class space    used 10350K, committed 10688K, reserved 1048576K
}
Event: 26.358 GC heap after
{Heap after GC invocations=34 (full 0):
 garbage-first heap   total 161792K, used 70413K [0x0000000080000000, 0x0000000100000000)
  region size 1024K, 6 young (6144K), 6 survivors (6144K)
 Metaspace       used 77228K, committed 77888K, reserved 1179648K
  class space    used 10350K, committed 10688K, reserved 1048576K
}
Event: 26.430 GC heap before
{Heap before GC invocations=34 (full 0):
 garbage-first heap   total 161792K, used 71437K [0x0000000080000000, 0x0000000100000000)
  region size 1024K, 7 young (7168K), 6 survivors (6144K)
 Metaspace       used 77228K, committed 77888K, reserved 1179648K
  class space    used 10350K, committed 10688K, reserved 1048576K
}
Event: 26.443 GC heap after
{Heap after GC invocations=35 (full 0):
 garbage-first heap   total 161792K, used 69876K [0x0000000080000000, 0x0000000100000000)
  region size 1024K, 1 young (1024K), 1 survivors (1024K)
 Metaspace       used 77228K, committed 77888K, reserved 1179648K
  class space    used 10350K, committed 10688K, reserved 1048576K
}
Event: 28.948 GC heap before
{Heap before GC invocations=35 (full 0):
 garbage-first heap   total 161792K, used 126196K [0x0000000080000000, 0x0000000100000000)
  region size 1024K, 56 young (57344K), 1 survivors (1024K)
 Metaspace       used 80691K, committed 81344K, reserved 1179648K
  class space    used 10728K, committed 11008K, reserved 1048576K
}
Event: 28.964 GC heap after
{Heap after GC invocations=36 (full 0):
 garbage-first heap   total 161792K, used 74152K [0x0000000080000000, 0x0000000100000000)
  region size 1024K, 5 young (5120K), 5 survivors (5120K)
 Metaspace       used 80691K, committed 81344K, reserved 1179648K
  class space    used 10728K, committed 11008K, reserved 1048576K
}
Event: 31.869 GC heap before
{Heap before GC invocations=36 (full 0):
 garbage-first heap   total 161792K, used 128424K [0x0000000080000000, 0x0000000100000000)
  region size 1024K, 58 young (59392K), 5 survivors (5120K)
 Metaspace       used 86638K, committed 87296K, reserved 1179648K
  class space    used 11339K, committed 11648K, reserved 1048576K
}
Event: 31.892 GC heap after
{Heap after GC invocations=37 (full 0):
 garbage-first heap   total 161792K, used 78108K [0x0000000080000000, 0x0000000100000000)
  region size 1024K, 4 young (4096K), 4 survivors (4096K)
 Metaspace       used 86638K, committed 87296K, reserved 1179648K
  class space    used 11339K, committed 11648K, reserved 1048576K
}
Event: 34.864 GC heap before
{Heap before GC invocations=37 (full 0):
 garbage-first heap   total 161792K, used 129308K [0x0000000080000000, 0x0000000100000000)
  region size 1024K, 54 young (55296K), 4 survivors (4096K)
 Metaspace       used 93914K, committed 94592K, reserved 1179648K
  class space    used 12162K, committed 12480K, reserved 1048576K
}
Event: 34.882 GC heap after
{Heap after GC invocations=38 (full 0):
 garbage-first heap   total 161792K, used 80440K [0x0000000080000000, 0x0000000100000000)
  region size 1024K, 3 young (3072K), 3 survivors (3072K)
 Metaspace       used 93914K, committed 94592K, reserved 1179648K
  class space    used 12162K, committed 12480K, reserved 1048576K
}
Event: 38.882 GC heap before
{Heap before GC invocations=39 (full 0):
 garbage-first heap   total 161792K, used 130616K [0x0000000080000000, 0x0000000100000000)
  region size 1024K, 53 young (54272K), 3 survivors (3072K)
 Metaspace       used 100789K, committed 101504K, reserved 1179648K
  class space    used 12916K, committed 13248K, reserved 1048576K
}
Event: 38.897 GC heap after
{Heap after GC invocations=40 (full 0):
 garbage-first heap   total 161792K, used 82408K [0x0000000080000000, 0x0000000100000000)
  region size 1024K, 5 young (5120K), 5 survivors (5120K)
 Metaspace       used 100789K, committed 101504K, reserved 1179648K
  class space    used 12916K, committed 13248K, reserved 1048576K
}
Event: 38.974 GC heap before
{Heap before GC invocations=40 (full 0):
 garbage-first heap   total 161792K, used 84456K [0x0000000080000000, 0x0000000100000000)
  region size 1024K, 7 young (7168K), 5 survivors (5120K)
 Metaspace       used 100973K, committed 101760K, reserved 1179648K
  class space    used 12946K, committed 13312K, reserved 1048576K
}
Event: 38.981 GC heap after
{Heap after GC invocations=41 (full 0):
 garbage-first heap   total 161792K, used 82015K [0x0000000080000000, 0x0000000100000000)
  region size 1024K, 1 young (1024K), 1 survivors (1024K)
 Metaspace       used 100973K, committed 101760K, reserved 1179648K
  class space    used 12946K, committed 13312K, reserved 1048576K
}

